
> volks-typo@1.2.0 build C:\Users\a\Downloads\menyadap.github.io
> astro build

[2m02:07:23[22m [34m[content][39m Syncing content
[2m02:07:24[22m [34m[content][39m Synced content
[2m02:07:24[22m [34m[types][39m Generated [2m3.46s[22m
[2m02:07:24[22m [34m[build][39m output: [34m"static"[39m
[2m02:07:24[22m [34m[build][39m mode: [34m"static"[39m
[2m02:07:24[22m [34m[build][39m directory: [34mC:\Users\a\Downloads\menyadap.github.io\dist\[39m
[2m02:07:24[22m [34m[build][39m Collecting build info...
[2m02:07:24[22m [34m[build][39m [32mΓ£ô Completed in 3.93s.[39m
[2m02:07:24[22m [34m[build][39m Building static entrypoints...
[2m02:07:48[22m [34m[vite][39m [32mΓ£ô built in 23.62s[39m
[2m02:07:48[22m [34m[build][39m [32mΓ£ô Completed in 23.81s.[39m

[42m[30m building client (vite) [39m[49m
[2m02:07:48[22m [34m[vite][39m transforming...
[2m02:07:48[22m [34m[vite][39m [32mΓ£ô[39m 3 modules transformed.
[2m02:07:48[22m [34m[vite][39m rendering chunks...
[2m02:07:48[22m [34m[vite][39m [32mΓ£ô built in 147ms[39m

[42m[30m generating static routes [39m[49m
[2m02:07:56[22m [32mΓû╢[39m src/pages/about.astro
[2m02:07:56[22m   [34mΓööΓöÇ[39m [2m/about/index.html[22m [2m(+27ms)[22m 
[2m02:07:56[22m [32mΓû╢[39m src/pages/blog.astro
[2m02:07:56[22m   [34mΓööΓöÇ[39m [2m/blog/index.html[22m [2m(+54ms)[22m 
[2m02:07:56[22m [32mΓû╢[39m src/pages/blog/[...slug].astro
[2m02:07:56[22m   [34mΓö£ΓöÇ[39m [2m/blog/10-aplikasi-social-spy-sadap-wa-014c687/index.html[22m [2m(+118ms)[22m 
[2m02:07:56[22m   [34mΓö£ΓöÇ[39m [2m/blog/10-sadap-hp-tersembunyi-suami-selingkuh-13a3b/index.html[22m [2m(+61ms)[22m 
[2m02:07:56[22m   [34mΓö£ΓöÇ[39m [2m/blog/12-aplikasi-sadap-wa-gratis-tanpa-ketahuan-5117c/index.html[22m [2m(+37ms)[22m 
[2m02:07:57[22m   [34mΓö£ΓöÇ[39m [2m/blog/9-sadap-hp-pacar-tanpa-ketahuan-bdb42/index.html[22m [2m(+23ms)[22m 
[2m02:07:57[22m   [34mΓö£ΓöÇ[39m [2m/blog/akses-whatsapp-komputer-laptop-28/index.html[22m [2m(+23ms)[22m 
[2m02:07:57[22m   [34mΓö£ΓöÇ[39m [2m/blog/aplikasi-hacking-android-95/index.html[22m [2m(+18ms)[22m 
[2m02:07:57[22m   [34mΓö£ΓöÇ[39m [2m/blog/aplikasi-keyologger-android-41/index.html[22m [2m(+24ms)[22m 
[2m02:07:57[22m   [34mΓö£ΓöÇ[39m [2m/blog/aplikasi-sadap-safespy/index.html[22m [2m(+29ms)[22m 
[2m02:07:57[22m   [34mΓö£ΓöÇ[39m [2m/blog/aplikasi-sadap-spyic/index.html[22m [2m(+41ms)[22m 
[2m02:07:57[22m   [34mΓö£ΓöÇ[39m [2m/blog/aplikasi-sadap-spyzie/index.html[22m [2m(+34ms)[22m 
[2m02:07:57[22m   [34mΓö£ΓöÇ[39m [2m/blog/aplikasi-teensafe/index.html[22m [2m(+38ms)[22m 
[2m02:07:57[22m   [34mΓö£ΓöÇ[39m [2m/blog/backdoor-metasploit-termux-76/index.html[22m [2m(+21ms)[22m 
[2m02:07:57[22m   [34mΓö£ΓöÇ[39m [2m/blog/bajak-wa-getcontact-39/index.html[22m [2m(+18ms)[22m 
[2m02:07:57[22m   [34mΓö£ΓöÇ[39m [2m/blog/cara-cek-whatsapp-disadap-27/index.html[22m [2m(+17ms)[22m 
[2m02:07:57[22m   [34mΓö£ΓöÇ[39m [2m/blog/cara-hack-admin-grup-whatsapp-94/index.html[22m [2m(+18ms)[22m 
[2m02:07:57[22m   [34mΓö£ΓöÇ[39m [2m/blog/cara-hack-akun-facebook-lupa-password/index.html[22m [2m(+17ms)[22m 
[2m02:07:57[22m   [34mΓö£ΓöÇ[39m [2m/blog/cara-hack-akun-instagram-lupa-password-1dc/index.html[22m [2m(+47ms)[22m 
[2m02:07:57[22m   [34mΓö£ΓöÇ[39m [2m/blog/cara-hack-akun-sosial-media-85/index.html[22m [2m(+39ms)[22m 
[2m02:07:57[22m   [34mΓö£ΓöÇ[39m [2m/blog/cara-hack-email-google-75/index.html[22m [2m(+54ms)[22m 
[2m02:07:57[22m   [34mΓö£ΓöÇ[39m [2m/blog/cara-hack-password-twitter-69/index.html[22m [2m(+10ms)[22m 
[2m02:07:57[22m   [34mΓö£ΓöÇ[39m [2m/blog/cara-hack-telegram-89/index.html[22m [2m(+7ms)[22m 
[2m02:07:57[22m   [34mΓö£ΓöÇ[39m [2m/blog/cara-sadap-nomor-31/index.html[22m [2m(+9ms)[22m 
[2m02:07:57[22m   [34mΓö£ΓöÇ[39m [2m/blog/cara-sadap-nomor-35/index.html[22m [2m(+7ms)[22m 
[2m02:07:57[22m   [34mΓö£ΓöÇ[39m [2m/blog/cara-sadap-wa-dengan-kode-21/index.html[22m [2m(+10ms)[22m 
[2m02:07:57[22m   [34mΓö£ΓöÇ[39m [2m/blog/cara-sadap-wa-lewat-imei-71/index.html[22m [2m(+14ms)[22m 
[2m02:07:57[22m   [34mΓö£ΓöÇ[39m [2m/blog/cara-whatsapp-tidak-disadap-53/index.html[22m [2m(+33ms)[22m 
[2m02:07:57[22m   [34mΓö£ΓöÇ[39m [2m/blog/fakta-termux-sering-digunakan-hacker-23/index.html[22m [2m(+10ms)[22m 
[2m02:07:57[22m   [34mΓö£ΓöÇ[39m [2m/blog/fitur-aplikasi-appspy-90/index.html[22m [2m(+10ms)[22m 
[2m02:07:57[22m   [34mΓö£ΓöÇ[39m [2m/blog/fitur-aplikasi-sadap-xnspy-74/index.html[22m [2m(+13ms)[22m 
[2m02:07:57[22m   [34mΓö£ΓöÇ[39m [2m/blog/fitur-aplikasi-social-spy-02/index.html[22m [2m(+9ms)[22m 
[2m02:07:57[22m   [34mΓö£ΓöÇ[39m [2m/blog/fitur-smartphonelog-apk-82/index.html[22m [2m(+9ms)[22m 
[2m02:07:57[22m   [34mΓö£ΓöÇ[39m [2m/blog/flexispy-penyadap-hp-iphone/index.html[22m [2m(+11ms)[22m 
[2m02:07:57[22m   [34mΓö£ΓöÇ[39m [2m/blog/hack-akun-instagram-android-86/index.html[22m [2m(+40ms)[22m 
[2m02:07:57[22m   [34mΓö£ΓöÇ[39m [2m/blog/hack-android-tanpa-root-31/index.html[22m [2m(+13ms)[22m 
[2m02:07:57[22m   [34mΓö£ΓöÇ[39m [2m/blog/hack-chat-whatsapp-pacar-email-64/index.html[22m [2m(+10ms)[22m 
[2m02:07:57[22m   [34mΓö£ΓöÇ[39m [2m/blog/hack-data-instagram-96/index.html[22m [2m(+10ms)[22m 
[2m02:07:57[22m   [34mΓö£ΓöÇ[39m [2m/blog/hack-facebook-tanpa-aplikasi-29/index.html[22m [2m(+10ms)[22m 
[2m02:07:57[22m   [34mΓö£ΓöÇ[39m [2m/blog/hack-hp-orang-via-hotspot-92/index.html[22m [2m(+10ms)[22m 
[2m02:07:57[22m   [34mΓö£ΓöÇ[39m [2m/blog/hack-instagram-dengan-sql-injection-25/index.html[22m [2m(+10ms)[22m 
[2m02:07:57[22m   [34mΓö£ΓöÇ[39m [2m/blog/hack-kamera-cctv-private-75/index.html[22m [2m(+12ms)[22m 
[2m02:07:57[22m   [34mΓö£ΓöÇ[39m [2m/blog/hack-lacak-lokasi-android-98/index.html[22m [2m(+12ms)[22m 
[2m02:07:57[22m   [34mΓö£ΓöÇ[39m [2m/blog/hack-messenger-facebook-orang-lain-62/index.html[22m [2m(+13ms)[22m 
[2m02:07:57[22m   [34mΓö£ΓöÇ[39m [2m/blog/hack-sadap-hp-android-jarak-jauh-20/index.html[22m [2m(+8ms)[22m 
[2m02:07:57[22m   [34mΓö£ΓöÇ[39m [2m/blog/hack-sidik-jari-smartphone-63/index.html[22m [2m(+6ms)[22m 
[2m02:07:57[22m   [34mΓö£ΓöÇ[39m [2m/blog/hack-spy-wa-whatsapp-teman-pacar-87/index.html[22m [2m(+18ms)[22m 
[2m02:07:57[22m   [34mΓö£ΓöÇ[39m [2m/blog/hack-wa-dengan-cmd-74/index.html[22m [2m(+9ms)[22m 
[2m02:07:57[22m   [34mΓö£ΓöÇ[39m [2m/blog/hack-wa-social-spy-whatsapp-87/index.html[22m [2m(+11ms)[22m 
[2m02:07:57[22m   [34mΓö£ΓöÇ[39m [2m/blog/hack-wa-terminal-emulator-apk-41/index.html[22m [2m(+8ms)[22m 
[2m02:07:57[22m   [34mΓö£ΓöÇ[39m [2m/blog/hack-whatsapp-airdroid-33/index.html[22m [2m(+10ms)[22m 
[2m02:07:57[22m   [34mΓö£ΓöÇ[39m [2m/blog/hack-whatsapp-extension-chrome-65/index.html[22m [2m(+8ms)[22m 
[2m02:07:57[22m   [34mΓö£ΓöÇ[39m [2m/blog/hack-whatsapp-ss7-40/index.html[22m [2m(+14ms)[22m 
[2m02:07:57[22m   [34mΓö£ΓöÇ[39m [2m/blog/highstermobile/index.html[22m [2m(+15ms)[22m 
[2m02:07:57[22m   [34mΓö£ΓöÇ[39m [2m/blog/install-kali-nethunter-termux-67/index.html[22m [2m(+35ms)[22m 
[2m02:07:57[22m   [34mΓö£ΓöÇ[39m [2m/blog/ispyoo-sadap-whatsapp-apk-80/index.html[22m [2m(+120ms)[22m 
[2m02:07:58[22m   [34mΓö£ΓöÇ[39m [2m/blog/kembalikan-sms-hilang-di-android-51/index.html[22m [2m(+258ms)[22m 
[2m02:07:58[22m   [34mΓö£ΓöÇ[39m [2m/blog/kidsguard-pro/index.html[22m [2m(+245ms)[22m 
[2m02:07:58[22m   [34mΓö£ΓöÇ[39m [2m/blog/link-sadap-wa-88/index.html[22m [2m(+37ms)[22m 
[2m02:07:58[22m   [34mΓö£ΓöÇ[39m [2m/blog/login-instagram-tanpa-diketahui-53/index.html[22m [2m(+117ms)[22m 
[2m02:07:58[22m   [34mΓö£ΓöÇ[39m [2m/blog/melihat-pesan-messenger-dihapus-83/index.html[22m [2m(+27ms)[22m 
[2m02:07:58[22m   [34mΓö£ΓöÇ[39m [2m/blog/mengendalikan-hp-android-jarak-jauh-87/index.html[22m [2m(+363ms)[22m 
[2m02:07:59[22m   [34mΓö£ΓöÇ[39m [2m/blog/mengetahui-akun-fb-di-bajak-90/index.html[22m [2m(+235ms)[22m 
[2m02:07:59[22m   [34mΓö£ΓöÇ[39m [2m/blog/mengetahui-chat-whatsapp-dihapus-23/index.html[22m [2m(+37ms)[22m 
[2m02:07:59[22m   [34mΓö£ΓöÇ[39m [2m/blog/mengetahui-yang-hack-wa-35/index.html[22m [2m(+421ms)[22m 
[2m02:07:59[22m   [34mΓö£ΓöÇ[39m [2m/blog/menyadap-hp-suami-jarak-jauh-78/index.html[22m [2m(+61ms)[22m 
[2m02:07:59[22m   [34mΓö£ΓöÇ[39m [2m/blog/menyadap-whatsapp-tanpa-verifikasi-29/index.html[22m [2m(+87ms)[22m 
[2m02:07:59[22m   [34mΓö£ΓöÇ[39m [2m/blog/meretas-bobol-facebook-83/index.html[22m [2m(+46ms)[22m 
[2m02:07:59[22m   [34mΓö£ΓöÇ[39m [2m/blog/mobile-spy/index.html[22m [2m(+335ms)[22m 
[2m02:08:00[22m   [34mΓö£ΓöÇ[39m [2m/blog/ownspy-penyadap-hp-pasangan/index.html[22m [2m(+206ms)[22m 
[2m02:08:00[22m   [34mΓö£ΓöÇ[39m [2m/blog/panduan-line-login-via-email/index.html[22m [2m(+31ms)[22m 
[2m02:08:00[22m   [34mΓö£ΓöÇ[39m [2m/blog/panduan-sadap-hp-termux-45/index.html[22m [2m(+117ms)[22m 
[2m02:08:00[22m   [34mΓö£ΓöÇ[39m [2m/blog/penyadap-fonemonitor/index.html[22m [2m(+173ms)[22m 
[2m02:08:00[22m   [34mΓö£ΓöÇ[39m [2m/blog/penyadap-hp-pasangan-selingkuh/index.html[22m [2m(+17ms)[22m 
[2m02:08:00[22m   [34mΓö£ΓöÇ[39m [2m/blog/penyadap-pasangan-selingkuh-xnspy/index.html[22m [2m(+183ms)[22m 
[2m02:08:01[22m   [34mΓö£ΓöÇ[39m [2m/blog/penyadap-thetruthspy/index.html[22m [31m(+628ms)[39m 
[2m02:08:01[22m   [34mΓö£ΓöÇ[39m [2m/blog/perangkat-sadap-trackmyfone/index.html[22m [2m(+27ms)[22m 
[2m02:08:01[22m   [34mΓö£ΓöÇ[39m [2m/blog/sadap-android-gratis-tanpa-rooting-d04c/index.html[22m [2m(+229ms)[22m 
[2m02:08:01[22m   [34mΓö£ΓöÇ[39m [2m/blog/sadap-android-tanpa-root-80/index.html[22m [2m(+157ms)[22m 
[2m02:08:02[22m   [34mΓö£ΓöÇ[39m [2m/blog/sadap-hp-gratis-istri-selingkuh-29f9f/index.html[22m [2m(+37ms)[22m 
[2m02:08:02[22m   [34mΓö£ΓöÇ[39m [2m/blog/sadap-hp-istri-tanpa-diketahui-24/index.html[22m [2m(+25ms)[22m 
[2m02:08:02[22m   [34mΓö£ΓöÇ[39m [2m/blog/sadap-hp-lewat-akun-google-71/index.html[22m [2m(+48ms)[22m 
[2m02:08:02[22m   [34mΓö£ΓöÇ[39m [2m/blog/sadap-hp-mspy/index.html[22m [2m(+114ms)[22m 
[2m02:08:02[22m   [34mΓö£ΓöÇ[39m [2m/blog/sadap-hp-pacar-ldr-61/index.html[22m [2m(+13ms)[22m 
[2m02:08:02[22m   [34mΓö£ΓöÇ[39m [2m/blog/sadap-iphone-android-tanpa-pinjam/index.html[22m [2m(+87ms)[22m 
[2m02:08:02[22m   [34mΓö£ΓöÇ[39m [2m/blog/sadap-iphone-ipad-dengan-itunes-977c1/index.html[22m [2m(+178ms)[22m 
[2m02:08:02[22m   [34mΓö£ΓöÇ[39m [2m/blog/sadap-kamera-hp-86/index.html[22m [2m(+261ms)[22m 
[2m02:08:02[22m   [34mΓö£ΓöÇ[39m [2m/blog/sadap-pesan-tanpa-pinjam-hp-76/index.html[22m [2m(+309ms)[22m 
[2m02:08:03[22m   [34mΓö£ΓöÇ[39m [2m/blog/sadap-wa-dengan-vpn-84/index.html[22m [2m(+17ms)[22m 
[2m02:08:03[22m   [34mΓö£ΓöÇ[39m [2m/blog/sadap-whatsapp-dengan-termux-32/index.html[22m [2m(+14ms)[22m 
[2m02:08:03[22m   [34mΓö£ΓöÇ[39m [2m/blog/sadap-whatsapp-kali-linux-89/index.html[22m [2m(+143ms)[22m 
[2m02:08:03[22m   [34mΓö£ΓöÇ[39m [2m/blog/sadap-whatsapp-pacar-via-kode-21/index.html[22m [2m(+157ms)[22m 
[2m02:08:03[22m   [34mΓö£ΓöÇ[39m [2m/blog/shortcode-example/index.html[22m [2m(+47ms)[22m 
[2m02:08:03[22m   [34mΓö£ΓöÇ[39m [2m/blog/termux-android-untuk-hacking-76/index.html[22m [2m(+23ms)[22m 
[2m02:08:03[22m   [34mΓö£ΓöÇ[39m [2m/blog/tips-cek-tiktok-lagi-disadap-39/index.html[22m [2m(+306ms)[22m 
[2m02:08:03[22m   [34mΓö£ΓöÇ[39m [2m/blog/tips-hack-kamera-hp-termux-45/index.html[22m [2m(+118ms)[22m 
[2m02:08:04[22m   [34mΓö£ΓöÇ[39m [2m/blog/tips-telegram-kena-hack-23/index.html[22m [2m(+171ms)[22m 
[2m02:08:04[22m   [34mΓö£ΓöÇ[39m [2m/blog/tool-darknet-sadap-whatsapp-24/index.html[22m [2m(+21ms)[22m 
[2m02:08:04[22m   [34mΓö£ΓöÇ[39m [2m/blog/tool-hack-pegasus-whatsapp-apk-23/index.html[22m [2m(+322ms)[22m 
[2m02:08:04[22m   [34mΓö£ΓöÇ[39m [2m/blog/tool-hack-pointszone-whatsapp-v2/index.html[22m [2m(+101ms)[22m 
[2m02:08:04[22m   [34mΓö£ΓöÇ[39m [2m/blog/tool-pointszone-net-v2-whatshack-83/index.html[22m [2m(+22ms)[22m 
[2m02:08:04[22m   [34mΓö£ΓöÇ[39m [2m/blog/tool-social-spy-whatsapp-71/index.html[22m [2m(+305ms)[22m 
[2m02:08:04[22m   [34mΓö£ΓöÇ[39m [2m/blog/tutorial-whatsdog-apk-73/index.html[22m [2m(+26ms)[22m 
[2m02:08:04[22m   [34mΓööΓöÇ[39m [2m/blog/whatsapp-social-spy-tool-apk-24/index.html[22m [2m(+15ms)[22m 
[2m02:08:05[22m [32mΓû╢[39m src/pages/categories/[category].astro
[2m02:08:05[22m   [34mΓö£ΓöÇ[39m [2m/categories/penyadap/index.html[22m [2m(+218ms)[22m 
[2m02:08:05[22m   [34mΓööΓöÇ[39m [2m/categories/bajak/index.html[22m [2m(+37ms)[22m 
[2m02:08:05[22m [32mΓû╢[39m src/pages/categories.astro
[2m02:08:05[22m   [34mΓööΓöÇ[39m [2m/categories/index.html[22m [2m(+61ms)[22m 
[2m02:08:05[22m [32mΓû╢[39m src/pages/contact.astro
[2m02:08:05[22m   [34mΓööΓöÇ[39m [2m/contact/index.html[22m [2m(+22ms)[22m 
[2m02:08:05[22m [35m╬╗[39m src/pages/rss.xml.js
[2m02:08:05[22m   [34mΓööΓöÇ[39m [2m/rss.xml[22m [2m(+21ms)[22m 
[2m02:08:05[22m [35m╬╗[39m src/pages/search.json.js
[2m02:08:05[22m   [34mΓööΓöÇ[39m [2m/search.json[22m [2m(+4ms)[22m 
[2m02:08:05[22m [32mΓû╢[39m src/pages/index.astro
[2m02:08:05[22m   [34mΓööΓöÇ[39m [2m/index.html[22m [2m(+12ms)[22m 
[2m02:08:05[22m [32mΓ£ô Completed in 17.38s.
[39m
[2m02:08:06[22m [34m[build][39m 109 page(s) built in [1m45.81s[22m
[2m02:08:06[22m [34m[build][39m [1mComplete![22m
